URL BASE: https://rodrigo-sestari.herokuapp.com/assignment2 
 
 ------------- 

 
 Request #1: GET [/assignment2/person] Accept: APPLICATION_XML Content-type: APPLICATION_XML 
=> Result:OK 
=> HTTP Status: 200 
<?xml version="1.0" encoding="UTF-8" standalone="yes"?><people><person><idPerson>1</idPerson><firstname>Jon</firstname><lastname>Walker</lastname><birthdate>1971-09-24</birthdate><healthProfile><measureType><measure>weigth</measure><value>32.0</value></measureType><measureType><measure>heigth</measure><value>37.8</value></measureType><measureType><measure>bloodpressure</measure><value>74.0</value></measureType></healthProfile></person><person><idPerson>2</idPerson><firstname>Maicon</firstname><lastname>Maria</lastname><birthdate>2016-03-22</birthdate><healthProfile><measureType><measure>heigth</measure><value>102.0</value></measureType><measureType><measure>weigth</measure><value>66.9</value></measureType><measureType><measure>bloodpressure</measure><value>78.9</value></measureType></healthProfile></person><person><idPerson>3</idPerson><firstname>Anna</firstname><lastname>Caprese</lastname><birthdate>2016-03-22</birthdate><healthProfile><measureType><measure>weigth</measure><value>78.9</value></measureType><measureType><measure>heigth</measure><value>129.8</value></measureType><measureType><measure>bloodpressure</measure><value>71.3</value></measureType></healthProfile></person></people> 
 
 ------------- 

 
 Request #2: GET [/assignment2/person/1] Accept: APPLICATION_XML Content-type: APPLICATION_XML 
=> Result:OK 
=> HTTP Status: 200 
<?xml version="1.0" encoding="UTF-8" standalone="yes"?><person><idPerson>1</idPerson><firstname>Jon</firstname><lastname>Walker</lastname><birthdate>1971-09-24</birthdate><healthProfile><measureType><measure>weigth</measure><value>32.0</value></measureType><measureType><measure>heigth</measure><value>37.8</value></measureType><measureType><measure>bloodpressure</measure><value>74.0</value></measureType></healthProfile></person> 
 
 ------------- 

 
 Request #3: [PUT] [/assignment2/person/1] Accept: APPLICATION_XML Content-type: APPLICATION_XML 
<?xml version="1.0" encoding="UTF-8" standalone="yes"?><person><idPerson>1</idPerson><firstname>Changed_XML at 2015-11-08 12:28:08</firstname><lastname>Walker</lastname><birthdate>1971-09-24</birthdate><healthProfile><measureType><measure>weigth</measure><value>32.0</value></measureType><measureType><measure>heigth</measure><value>37.8</value></measureType><measureType><measure>bloodpressure</measure><value>74.0</value></measureType></healthProfile></person> 
=> Result:OK 
=> HTTP Status: 201 
 
 
 ------------- 

 
 Request #4: [POST] [/assignment2/person] Accept: APPLICATION_XML Content-type: APPLICATION_XML 
<person><firstname>newPersonXML at 2015-11-08 12:28:08</firstname><lastname>XML</lastname><birthdate>2000-03-22</birthdate><healthProfile><measureType><measure>heigth</measure><value>58.1</value></measureType><measureType><measure>weigth</measure><value>34.2</value></measureType></healthProfile></person> 
=> Result:OK 
=> HTTP Status: 200 
<?xml version="1.0" encoding="UTF-8" standalone="yes"?><person><idPerson>5</idPerson><firstname>newPersonXML at 2015-11-08 12:28:08</firstname><lastname>XML</lastname><birthdate>2000-03-22</birthdate><healthProfile><measureType><measure>heigth</measure><value>58.1</value></measureType><measureType><measure>weigth</measure><value>34.2</value></measureType></healthProfile></person> 
 
 ------------- 

 
 Request #5: [DELETE] [/assignment2/person/5] Accept: APPLICATION_XML Content-type: APPLICATION_XML 
=> HTTP Status: 200 
 

 Request #5: GET [/assignment2/person/5] Accept: APPLICATION_XML Content-type: APPLICATION_XML 
=> Result:OK 
=> HTTP Status: 404 
 
 
 ------------- 

 
 Request #6: GET [/assignment2/measureTypes/] Accept: APPLICATION_XML Content-type: APPLICATION_XML 
=> Result:OK 
=> HTTP Status: 200 
<?xml version="1.0" encoding="UTF-8" standalone="yes"?><measureTypes><measureType>weigth</measureType><measureType>heigth</measureType><measureType>bloodpressure</measureType></measureTypes> 
 
 ------------- 

 

 Request #7: GET [/assignment2/person/1/weigth] Accept: APPLICATION_XML Content-type: APPLICATION_XML 
=> HTTP Status: 200 
<?xml version="1.0" encoding="UTF-8" standalone="yes"?><measureHistory><measure><mid>4</mid><value>72.0</value><created>2014-11-18</created></measure><measure><mid>5</mid><value>40.3</value><created>2015-02-17</created></measure><measure><mid>7</mid><value>32.0</value><created>2015-02-17</created></measure></measureHistory> 

 Request #7: GET [/assignment2/person/1/heigth] Accept: APPLICATION_XML Content-type: APPLICATION_XML 
=> HTTP Status: 200 
<?xml version="1.0" encoding="UTF-8" standalone="yes"?><measureHistory><measure><mid>3</mid><value>172.0</value><created>2014-11-18</created></measure><measure><mid>6</mid><value>37.8</value><created>2015-02-17</created></measure></measureHistory> 

 Request #7: GET [/assignment2/person/1/bloodpressure] Accept: APPLICATION_XML Content-type: APPLICATION_XML 
=> HTTP Status: 200 
<?xml version="1.0" encoding="UTF-8" standalone="yes"?><measureHistory><measure><mid>1</mid><value>54.2</value><created>2014-11-18</created></measure><measure><mid>2</mid><value>74.0</value><created>2014-11-18</created></measure></measureHistory> 

 Request #7: GET [/assignment2/person/3/weigth] Accept: APPLICATION_XML Content-type: APPLICATION_XML 
=> HTTP Status: 200 
<?xml version="1.0" encoding="UTF-8" standalone="yes"?><measureHistory><measure><mid>20</mid><value>23.2</value><created>2015-02-17</created></measure><measure><mid>21</mid><value>13.6</value><created>2015-02-17</created></measure><measure><mid>24</mid><value>78.9</value><created>2015-02-17</created></measure><measure><mid>29</mid><value>12.4</value><created>2015-02-17</created></measure><measure><mid>30</mid><value>78.9</value><created>2015-02-17</created></measure></measureHistory> 

 Request #7: GET [/assignment2/person/3/heigth] Accept: APPLICATION_XML Content-type: APPLICATION_XML 
=> HTTP Status: 200 
<?xml version="1.0" encoding="UTF-8" standalone="yes"?><measureHistory><measure><mid>22</mid><value>34.5</value><created>2015-02-17</created></measure><measure><mid>25</mid><value>172.4</value><created>2015-02-17</created></measure><measure><mid>28</mid><value>129.8</value><created>2015-02-17</created></measure></measureHistory> 

 Request #7: GET [/assignment2/person/3/bloodpressure] Accept: APPLICATION_XML Content-type: APPLICATION_XML 
=> HTTP Status: 200 
<?xml version="1.0" encoding="UTF-8" standalone="yes"?><measureHistory><measure><mid>23</mid><value>54.2</value><created>2015-02-17</created></measure><measure><mid>26</mid><value>23.9</value><created>2015-02-17</created></measure><measure><mid>27</mid><value>71.3</value><created>2015-02-17</created></measure></measureHistory> 
=> Result:OK 
 
 ------------- 

 
 Request #8: GET [/assignment2/person/3/weigth/20] Accept: APPLICATION_XML Content-type: APPLICATION_XML 
=> Result:OK 
=> HTTP Status: 200 
<?xml version="1.0" encoding="UTF-8" standalone="yes"?><measureHistory><measure><mid>20</mid><value>23.2</value><created>2015-02-17</created></measure></measureHistory> 
 
 ------------- 

 
 Request #9: GET [/assignment2/person/3/weigth] Accept: APPLICATION_XML Content-type: APPLICATION_XML 
=> HTTP Status: 200 
<?xml version="1.0" encoding="UTF-8" standalone="yes"?><measureHistory><measure><mid>20</mid><value>23.2</value><created>2015-02-17</created></measure><measure><mid>21</mid><value>13.6</value><created>2015-02-17</created></measure><measure><mid>24</mid><value>78.9</value><created>2015-02-17</created></measure><measure><mid>29</mid><value>12.4</value><created>2015-02-17</created></measure><measure><mid>30</mid><value>78.9</value><created>2015-02-17</created></measure></measureHistory> 

 Request #9: [POST] [/assignment2/person/3/weigth] Accept: APPLICATION_XML Content-type: APPLICATION_XML 
<measure> <value>79</value> <created>2015-11-08</created> </measure> 
=> HTTP Status: 200 
<measure> <value>79</value> <created>2015-11-08</created> </measure> 

 Request #9: GET [/assignment2/person/3/weigth] Accept: APPLICATION_XML Content-type: APPLICATION_XML 
=> Result:OK 
=> HTTP Status: 200 
<?xml version="1.0" encoding="UTF-8" standalone="yes"?><measureHistory><measure><mid>20</mid><value>23.2</value><created>2015-02-17</created></measure><measure><mid>21</mid><value>13.6</value><created>2015-02-17</created></measure><measure><mid>24</mid><value>78.9</value><created>2015-02-17</created></measure><measure><mid>29</mid><value>12.4</value><created>2015-02-17</created></measure><measure><mid>30</mid><value>78.9</value><created>2015-02-17</created></measure><measure><mid>34</mid><value>79.0</value><created>2015-11-08</created></measure></measureHistory> 
 
 END 
